call	33	0	query(kati,noe);
unify	33	50	query(kati,noe);
call	34	0	ancestor(kati,noe);
unify	34	47	ancestor(kati,noe);
call	35	0	parentof(kati,noe);
fail	35	0	parentof(kati,noe);
redo	34	48	ancestor(kati,noe);
unify	34	48	ancestor(kati,noe);
call	35	0	parentof(kati,_7978);
unify	35	31	parentof(kati,lauretta);
exit	35	31	parentof(kati,lauretta);
call	35	0	ancestor(lauretta,noe);
unify	35	47	ancestor(lauretta,noe);
call	36	0	parentof(lauretta,noe);
fail	36	0	parentof(lauretta,noe);
redo	35	48	ancestor(lauretta,noe);
unify	35	48	ancestor(lauretta,noe);
call	36	0	parentof(lauretta,_7980);
unify	36	32	parentof(lauretta,mayra);
exit	36	32	parentof(lauretta,mayra);
call	36	0	ancestor(mayra,noe);
unify	36	47	ancestor(mayra,noe);
call	37	0	parentof(mayra,noe);
unify	37	33	parentof(mayra,noe);
exit	37	33	parentof(mayra,noe);
exit	36	47	ancestor(mayra,noe);
exit	35	48	ancestor(lauretta,noe);
exit	34	48	ancestor(kati,noe);
exit	33	50	query(kati,noe);
